<?xml version="1.0" encoding="UTF-8"?>
<testng-results skipped="0" failed="0" ignored="0" total="1" passed="1">
  <reporter-output>
  </reporter-output>
  <suite name="Default suite" duration-ms="27" started-at="2022-02-01T10:39:45Z" finished-at="2022-02-01T10:39:45Z">
    <groups>
    </groups>
    <test name="Default test" duration-ms="27" started-at="2022-02-01T10:39:45Z" finished-at="2022-02-01T10:39:45Z">
      <class name="pro2.SampleTest">
        <test-method status="PASS" signature="add()[pri:0, instance:pro2.SampleTest@56f4468b]" name="add" duration-ms="7" started-at="2022-02-01T10:39:45Z" finished-at="2022-02-01T10:39:45Z">
          <reporter-output>
          </reporter-output>
        </test-method> <!-- add -->
      </class> <!-- pro2.SampleTest -->
    </test> <!-- Default test -->
  </suite> <!-- Default suite -->
</testng-results>
